<?xml version="1.0" encoding="UTF-8"?>
<testsuite xmlns:xsi="http://www.w3.org/2001/XMLSchema-instance" xsi:noNamespaceSchemaLocation="https://maven.apache.org/surefire/maven-surefire-plugin/xsd/surefire-test-report.xsd" version="3.0.2" name="com.kafkaproducertest.statistics.StatisticsPipelineTest" time="0.13" tests="2" errors="0" skipped="0" failures="0" flakes="0">
  <properties>
[...]
</properties>
  <testcase name="recordsOverflowAsDroppedAndIncomplete" classname="com.kafkaproducertest.statistics.StatisticsPipelineTest" time="0.115"/>
  <testcase name="submitsRowsAndDrainsThemOnClose" classname="com.kafkaproducertest.statistics.StatisticsPipelineTest" time="0.014"/>
</testsuite>