<?xml version="1.0" encoding="UTF-8"?>
<testsuite xmlns:xsi="http://www.w3.org/2001/XMLSchema-instance" xsi:noNamespaceSchemaLocation="https://maven.apache.org/surefire/maven-failsafe-plugin/xsd/failsafe-test-report.xsd" version="3.0.2" name="com.kafkaproducertest.integration.TopicProvisioningIT" time="0.972" tests="2" errors="0" skipped="0" failures="0" flakes="0">
  <properties>
[...]
</properties>
  <testcase name="leavesExistingTopicPartitionsUnchanged" classname="com.kafkaproducertest.integration.TopicProvisioningIT" time="0.178">
    <system-out><![CDATA[09:47:10.059 [main] INFO org.apache.zookeeper.server.persistence.FileTxnSnapLog -- zookeeper.snapshot.trust.empty : false
09:47:10.061 [main] INFO org.apache.zookeeper.server.watch.WatchManagerFactory -- Using org.apache.zookeeper.server.watch.WatchManager as watch manager
09:47:10.061 [main] INFO org.apache.zookeeper.server.watch.WatchManagerFactory -- Using org.apache.zookeeper.server.watch.WatchManager as watch manager
09:47:10.062 [main] INFO org.apache.zookeeper.server.ZKDatabase -- zookeeper.snapshotSizeFactor = 0.33
09:47:10.062 [main] INFO org.apache.zookeeper.server.ZKDatabase -- zookeeper.commitLogCount=500
09:47:10.062 [main] INFO org.apache.zookeeper.server.ZooKeeperServer -- minSessionTimeout set to 1600 ms
09:47:10.062 [main] INFO org.apache.zookeeper.server.ZooKeeperServer -- maxSessionTimeout set to 16000 ms
09:47:10.062 [main] INFO org.apache.zookeeper.server.ResponseCache -- getData response cache size is initialized with value 400.
09:47:10.062 [main] INFO org.apache.zookeeper.server.ResponseCache -- getChildren response cache size is initialized with value 400.
09:47:10.062 [main] INFO org.apache.zookeeper.server.util.RequestPathMetricsCollector -- zookeeper.pathStats.slotCapacity = 60
09:47:10.062 [main] INFO org.apache.zookeeper.server.util.RequestPathMetricsCollector -- zookeeper.pathStats.slotDuration = 15
09:47:10.062 [main] INFO org.apache.zookeeper.server.util.RequestPathMetricsCollector -- zookeeper.pathStats.maxDepth = 6
09:47:10.062 [main] INFO org.apache.zookeeper.server.util.RequestPathMetricsCollector -- zookeeper.pathStats.initialDelay = 5
09:47:10.062 [main] INFO org.apache.zookeeper.server.util.RequestPathMetricsCollector -- zookeeper.pathStats.delay = 5
09:47:10.062 [main] INFO org.apache.zookeeper.server.util.RequestPathMetricsCollector -- zookeeper.pathStats.enabled = false
09:47:10.062 [main] INFO org.apache.zookeeper.server.ZooKeeperServer -- The max bytes for all large requests are set to 104857600
09:47:10.062 [main] INFO org.apache.zookeeper.server.ZooKeeperServer -- The large request threshold is set to -1
09:47:10.062 [main] INFO org.apache.zookeeper.server.AuthenticationHelper -- zookeeper.enforce.auth.enabled = false
09:47:10.063 [main] INFO org.apache.zookeeper.server.AuthenticationHelper -- zookeeper.enforce.auth.schemes = []
09:47:10.063 [main] INFO org.apache.zookeeper.server.ZooKeeperServer -- Created server with tickTime 800 ms minSessionTimeout 1600 ms maxSessionTimeout 16000 ms clientPortListenBacklog -1 datadir C:\Users\labri\AppData\Local\Temp\kafka-12765038530831559473\version-2 snapdir C:\Users\labri\AppData\Local\Temp\kafka-2520300675579898660\version-2
09:47:10.063 [main] WARN org.apache.zookeeper.server.ServerCnxnFactory -- maxCnxns is not configured, using default value 0.
09:47:10.063 [main] INFO org.apache.zookeeper.server.NIOServerCnxnFactory -- Configuring NIO connection handler with 10s sessionless connection timeout, 2 selector thread(s), 16 worker threads, and 64 kB direct buffers.
09:47:10.074 [main] INFO org.apache.zookeeper.server.NIOServerCnxnFactory -- binding to port /127.0.0.1:0
09:47:10.079 [main] INFO org.apache.zookeeper.server.persistence.FileTxnSnapLog -- Snapshotting: 0x0 to C:\Users\labri\AppData\Local\Temp\kafka-2520300675579898660\version-2\snapshot.0
09:47:10.080 [main] INFO org.apache.zookeeper.server.ZKDatabase -- Snapshot loaded in 2 ms, highest zxid is 0x0, digest is 1371985504
09:47:10.081 [main] INFO org.apache.zookeeper.server.persistence.FileTxnSnapLog -- Snapshotting: 0x0 to C:\Users\labri\AppData\Local\Temp\kafka-2520300675579898660\version-2\snapshot.0
09:47:10.084 [main] INFO org.apache.zookeeper.server.ZooKeeperServer -- Snapshot taken in 2 ms
09:47:10.086 [ProcessThread(sid:0 cport:52181):] INFO org.apache.zookeeper.server.PrepRequestProcessor -- PrepRequestProcessor (sid:0) started, reconfigEnabled=false
09:47:10.090 [main] INFO kafka.server.KafkaConfig -- KafkaConfig values: 
	advertised.listeners = null
	alter.config.policy.class.name = null
	alter.config.policy.kraft.compatibility.enable = false
	alter.log.dirs.replication.quota.window.num = 11
	alter.log.dirs.replication.quota.window.size.seconds = 1
	authorizer.class.name = 
	auto.create.topics.enable = true
	auto.include.jmx.reporter = true
	auto.leader.rebalance.enable = true
	background.threads = 2
	broker.heartbeat.interval.ms = 2000
	broker.id = 0
	broker.id.generation.enable = true
	broker.rack = null
	broker.session.timeout.ms = 9000
	client.quota.callback.class = null
	compression.gzip.level = -1
	compression.lz4.level = 9
	compression.type = producer
	compression.zstd.level = 3
	connection.failed.authentication.delay.ms = 100
	connections.max.idle.ms = 600000
	connections.max.reauth.ms = 0
	control.plane.listener.name = null
	controlled.shutdown.enable = true
	controlled.shutdown.max.retries = 3
	controlled.shutdown.retry.backoff.ms = 100
	controller.listener.names = null
	controller.quorum.append.linger.ms = 25
	controller.quorum.bootstrap.servers = []
	controller.quorum.election.backoff.max.ms = 1000
	controller.quorum.election.timeout.ms = 1000
	controller.quorum.fetch.timeout.ms = 2000
	controller.quorum.request.timeout.ms = 2000
	controller.quorum.retry.backoff.ms = 20
	controller.quorum.voters = []
	controller.quota.window.num = 11
	controller.quota.window.size.seconds = 1
	controller.socket.timeout.ms = 1000
	create.topic.policy.class.name = null
	default.replication.factor = 1
	delegation.token.expiry.check.interval.ms = 3600000
	delegation.token.expiry.time.ms = 86400000
	delegation.token.master.key = null
	delegation.token.max.lifetime.ms = 604800000
	delegation.token.secret.key = null
	delete.records.purgatory.purge.interval.requests = 1
	delete.topic.enable = true
	early.start.listeners = null
	eligible.leader.replicas.enable = false
	fetch.max.bytes = 57671680
	fetch.purgatory.purge.interval.requests = 1000
	group.consumer.assignors = [org.apache.kafka.coordinator.group.assignor.UniformAssignor, org.apache.kafka.coordinator.group.assignor.RangeAssignor]
	group.consumer.heartbeat.interval.ms = 5000
	group.consumer.max.heartbeat.interval.ms = 15000
	group.consumer.max.session.timeout.ms = 60000
	group.consumer.max.size = 2147483647
	group.consumer.migration.policy = disabled
	group.consumer.min.heartbeat.interval.ms = 5000
	group.consumer.min.session.timeout.ms = 45000
	group.consumer.session.timeout.ms = 45000
	group.coordinator.append.linger.ms = 10
	group.coordinator.new.enable = false
	group.coordinator.rebalance.protocols = [classic]
	group.coordinator.threads = 1
	group.initial.rebalance.delay.ms = 0
	group.max.session.timeout.ms = 1800000
	group.max.size = 2147483647
	group.min.session.timeout.ms = 6000
	group.share.delivery.count.limit = 5
	group.share.enable = false
	group.share.heartbeat.interval.ms = 5000
	group.share.max.groups = 10
	group.share.max.heartbeat.interval.ms = 15000
	group.share.max.record.lock.duration.ms = 60000
	group.share.max.session.timeout.ms = 60000
	group.share.max.size = 200
	group.share.min.heartbeat.interval.ms = 5000
	group.share.min.record.lock.duration.ms = 15000
	group.share.min.session.timeout.ms = 45000
	group.share.partition.max.record.locks = 200
	group.share.record.lock.duration.ms = 30000
	group.share.session.timeout.ms = 45000
	initial.broker.registration.timeout.ms = 60000
	inter.broker.listener.name = null
	inter.broker.protocol.version = 3.9-IV0
	kafka.metrics.polling.interval.secs = 10
	kafka.metrics.reporters = []
	leader.imbalance.check.interval.seconds = 300
	leader.imbalance.per.broker.percentage = 10
	listener.security.protocol.map = SASL_SSL:SASL_SSL,PLAINTEXT:PLAINTEXT,SSL:SSL,SASL_PLAINTEXT:SASL_PLAINTEXT
	listeners = PLAINTEXT://localhost:0
	log.cleaner.backoff.ms = 15000
	log.cleaner.dedupe.buffer.size = 2097152
	log.cleaner.delete.retention.ms = 86400000
	log.cleaner.enable = true
	log.cleaner.io.buffer.load.factor = 0.9
	log.cleaner.io.buffer.size = 524288
	log.cleaner.io.max.bytes.per.second = 1.7976931348623157E308
	log.cleaner.max.compaction.lag.ms = 9223372036854775807
	log.cleaner.min.cleanable.ratio = 0.5
	log.cleaner.min.compaction.lag.ms = 0
	log.cleaner.threads = 1
	log.cleanup.policy = [delete]
	log.dir = C:\Users\labri\AppData\Local\Temp\spring.kafka.b6ffc4d9-05c0-4e7b-a4fd-671bbcabc19a7009045756194507880
	log.dir.failure.timeout.ms = 30000
	log.dirs = null
	log.flush.interval.messages = 9223372036854775807
	log.flush.interval.ms = null
	log.flush.offset.checkpoint.interval.ms = 60000
	log.flush.scheduler.interval.ms = 9223372036854775807
	log.flush.start.offset.checkpoint.interval.ms = 60000
	log.index.interval.bytes = 4096
	log.index.size.max.bytes = 10485760
	log.initial.task.delay.ms = 100
	log.local.retention.bytes = -2
	log.local.retention.ms = -2
	log.message.downconversion.enable = true
	log.message.format.version = 3.0-IV1
	log.message.timestamp.after.max.ms = 9223372036854775807
	log.message.timestamp.before.max.ms = 9223372036854775807
	log.message.timestamp.difference.max.ms = 9223372036854775807
	log.message.timestamp.type = CreateTime
	log.preallocate = false
	log.retention.bytes = -1
	log.retention.check.interval.ms = 300000
	log.retention.hours = 168
	log.retention.minutes = null
	log.retention.ms = null
	log.roll.hours = 168
	log.roll.jitter.hours = 0
	log.roll.jitter.ms = null
	log.roll.ms = null
	log.segment.bytes = 1073741824
	log.segment.delete.delay.ms = 1000
	max.connection.creation.rate = 2147483647
	max.connections = 2147483647
	max.connections.per.ip = 2147483647
	max.connections.per.ip.overrides = 
	max.incremental.fetch.session.cache.slots = 1000
	max.request.partition.size.limit = 2000
	message.max.bytes = 1048588
	metadata.log.dir = null
	metadata.log.max.record.bytes.between.snapshots = 20971520
	metadata.log.max.snapshot.interval.ms = 3600000
	metadata.log.segment.bytes = 1073741824
	metadata.log.segment.min.bytes = 8388608
	metadata.log.segment.ms = 604800000
	metadata.max.idle.interval.ms = 500
	metadata.max.retention.bytes = 104857600
	metadata.max.retention.ms = 604800000
	metric.reporters = []
	metrics.num.samples = 2
	metrics.recording.level = INFO
	metrics.sample.window.ms = 30000
	min.insync.replicas = 1
	node.id = 0
	num.io.threads = 8
	num.network.threads = 2
	num.partitions = 1
	num.recovery.threads.per.data.dir = 1
	num.replica.alter.log.dirs.threads = null
	num.replica.fetchers = 1
	offset.metadata.max.bytes = 4096
	offsets.commit.required.acks = -1
	offsets.commit.timeout.ms = 5000
	offsets.load.buffer.size = 5242880
	offsets.retention.check.interval.ms = 600000
	offsets.retention.minutes = 10080
	offsets.topic.compression.codec = 0
	offsets.topic.num.partitions = 5
	offsets.topic.replication.factor = 1
	offsets.topic.segment.bytes = 104857600
	password.encoder.cipher.algorithm = AES/CBC/PKCS5Padding
	password.encoder.iterations = 4096
	password.encoder.key.length = 128
	password.encoder.keyfactory.algorithm = null
	password.encoder.old.secret = null
	password.encoder.secret = null
	principal.builder.class = class org.apache.kafka.common.security.authenticator.DefaultKafkaPrincipalBuilder
	process.roles = []
	producer.id.expiration.check.interval.ms = 600000
	producer.id.expiration.ms = 86400000
	producer.purgatory.purge.interval.requests = 1000
	queued.max.request.bytes = -1
	queued.max.requests = 500
	quota.window.num = 11
	quota.window.size.seconds = 1
	remote.fetch.max.wait.ms = 500
	remote.log.index.file.cache.total.size.bytes = 1073741824
	remote.log.manager.copier.thread.pool.size = -1
	remote.log.manager.copy.max.bytes.per.second = 9223372036854775807
	remote.log.manager.copy.quota.window.num = 11
	remote.log.manager.copy.quota.window.size.seconds = 1
	remote.log.manager.expiration.thread.pool.size = -1
	remote.log.manager.fetch.max.bytes.per.second = 9223372036854775807
	remote.log.manager.fetch.quota.window.num = 11
	remote.log.manager.fetch.quota.window.size.seconds = 1
	remote.log.manager.task.interval.ms = 30000
	remote.log.manager.task.retry.backoff.max.ms = 30000
	remote.log.manager.task.retry.backoff.ms = 500
	remote.log.manager.task.retry.jitter = 0.2
	remote.log.manager.thread.pool.size = 10
	remote.log.metadata.custom.metadata.max.bytes = 128
	remote.log.metadata.manager.class.name = org.apache.kafka.server.log.remote.metadata.storage.TopicBasedRemoteLogMetadataManager
	remote.log.metadata.manager.class.path = null
	remote.log.metadata.manager.impl.prefix = rlmm.config.
	remote.log.metadata.manager.listener.name = null
	remote.log.reader.max.pending.tasks = 100
	remote.log.reader.threads = 10
	remote.log.storage.manager.class.name = null
	remote.log.storage.manager.class.path = null
	remote.log.storage.manager.impl.prefix = rsm.config.
	remote.log.storage.system.enable = false
	replica.fetch.backoff.ms = 1000
	replica.fetch.max.bytes = 1048576
	replica.fetch.min.bytes = 1
	replica.fetch.response.max.bytes = 10485760
	replica.fetch.wait.max.ms = 500
	replica.high.watermark.checkpoint.interval.ms = 9223372036854775807
	replica.lag.time.max.ms = 30000
	replica.selector.class = null
	replica.socket.receive.buffer.bytes = 65536
	replica.socket.timeout.ms = 1000
	replication.quota.window.num = 11
	replication.quota.window.size.seconds = 1
	request.timeout.ms = 30000
	reserved.broker.max.id = 1000
	sasl.client.callback.handler.class = null
	sasl.enabled.mechanisms = [GSSAPI]
	sasl.jaas.config = null
	sasl.kerberos.kinit.cmd = /usr/bin/kinit
	sasl.kerberos.min.time.before.relogin = 60000
	sasl.kerberos.principal.to.local.rules = [DEFAULT]
	sasl.kerberos.service.name = null
	sasl.kerberos.ticket.renew.jitter = 0.05
	sasl.kerberos.ticket.renew.window.factor = 0.8
	sasl.login.callback.handler.class = null
	sasl.login.class = null
	sasl.login.connect.timeout.ms = null
	sasl.login.read.timeout.ms = null
	sasl.login.refresh.buffer.seconds = 300
	sasl.login.refresh.min.period.seconds = 60
	sasl.login.refresh.window.factor = 0.8
	sasl.login.refresh.window.jitter = 0.05
	sasl.login.retry.backoff.max.ms = 10000
	sasl.login.retry.backoff.ms = 100
	sasl.mechanism.controller.protocol = GSSAPI
	sasl.mechanism.inter.broker.protocol = GSSAPI
	sasl.oauthbearer.clock.skew.seconds = 30
	sasl.oauthbearer.expected.audience = null
	sasl.oauthbearer.expected.issuer = null
	sasl.oauthbearer.jwks.endpoint.refresh.ms = 3600000
	sasl.oauthbearer.jwks.endpoint.retry.backoff.max.ms = 10000
	sasl.oauthbearer.jwks.endpoint.retry.backoff.ms = 100
	sasl.oauthbearer.jwks.endpoint.url = null
	sasl.oauthbearer.scope.claim.name = scope
	sasl.oauthbearer.sub.claim.name = sub
	sasl.oauthbearer.token.endpoint.url = null
	sasl.server.callback.handler.class = null
	sasl.server.max.receive.size = 524288
	security.inter.broker.protocol = PLAINTEXT
	security.providers = null
	server.max.startup.time.ms = 9223372036854775807
	socket.connection.setup.timeout.max.ms = 30000
	socket.connection.setup.timeout.ms = 10000
	socket.listen.backlog.size = 50
	socket.receive.buffer.bytes = 102400
	socket.request.max.bytes = 104857600
	socket.send.buffer.bytes = 102400
	ssl.allow.dn.changes = false
	ssl.allow.san.changes = false
	ssl.cipher.suites = []
	ssl.client.auth = none
	ssl.enabled.protocols = [TLSv1.2, TLSv1.3]
	ssl.endpoint.identification.algorithm = https
	ssl.engine.factory.class = null
	ssl.key.password = null
	ssl.keymanager.algorithm = SunX509
	ssl.keystore.certificate.chain = null
	ssl.keystore.key = null
	ssl.keystore.location = null
	ssl.keystore.password = null
	ssl.keystore.type = JKS
	ssl.principal.mapping.rules = DEFAULT
	ssl.protocol = TLSv1.3
	ssl.provider = null
	ssl.secure.random.implementation = null
	ssl.trustmanager.algorithm = PKIX
	ssl.truststore.certificates = null
	ssl.truststore.location = null
	ssl.truststore.password = null
	ssl.truststore.type = JKS
	telemetry.max.bytes = 1048576
	transaction.abort.timed.out.transaction.cleanup.interval.ms = 10000
	transaction.max.timeout.ms = 900000
	transaction.partition.verification.enable = true
	transaction.remove.expired.transaction.cleanup.interval.ms = 3600000
	transaction.state.log.load.buffer.size = 5242880
	transaction.state.log.min.isr = 2
	transaction.state.log.num.partitions = 50
	transaction.state.log.replication.factor = 3
	transaction.state.log.segment.bytes = 104857600
	transactional.id.expiration.ms = 604800000
	unclean.leader.election.enable = false
	unclean.leader.election.interval.ms = 300000
	unstable.api.versions.enable = true
	unstable.feature.versions.enable = true
	zookeeper.clientCnxnSocket = null
	zookeeper.connect = 127.0.0.1:52181
	zookeeper.connection.timeout.ms = 10000
	zookeeper.max.in.flight.requests = 10
	zookeeper.metadata.migration.enable = false
	zookeeper.metadata.migration.min.batch.size = 200
	zookeeper.session.timeout.ms = 18000
	zookeeper.set.acl = false
	zookeeper.ssl.cipher.suites = null
	zookeeper.ssl.client.enable = false
	zookeeper.ssl.crl.enable = false
	zookeeper.ssl.enabled.protocols = null
	zookeeper.ssl.endpoint.identification.algorithm = HTTPS
	zookeeper.ssl.keystore.location = null
	zookeeper.ssl.keystore.password = null
	zookeeper.ssl.keystore.type = null
	zookeeper.ssl.ocsp.enable = false
	zookeeper.ssl.protocol = TLSv1.2
	zookeeper.ssl.truststore.location = null
	zookeeper.ssl.truststore.password = null
	zookeeper.ssl.truststore.type = null

09:47:10.096 [main] INFO kafka.server.KafkaServer -- starting
09:47:10.096 [main] INFO kafka.server.KafkaServer -- Connecting to zookeeper on 127.0.0.1:52181
09:47:10.097 [main] INFO kafka.zookeeper.ZooKeeperClient -- [ZooKeeperClient Kafka server] Initializing a new session to 127.0.0.1:52181.
09:47:10.098 [main] INFO org.apache.zookeeper.ZooKeeper -- Initiating client connection, connectString=127.0.0.1:52181 sessionTimeout=18000 watcher=kafka.zookeeper.ZooKeeperClient$ZooKeeperClientWatcher$@690e308c
09:47:10.103 [main] INFO org.apache.zookeeper.ClientCnxnSocket -- jute.maxbuffer value is 4194304 Bytes
09:47:10.104 [main] INFO org.apache.zookeeper.ClientCnxn -- zookeeper.request.timeout value is 0. feature enabled=false
09:47:10.105 [main] INFO kafka.zookeeper.ZooKeeperClient -- [ZooKeeperClient Kafka server] Waiting until connected.
09:47:10.105 [main-SendThread(127.0.0.1:52181)] INFO org.apache.zookeeper.ClientCnxn -- Opening socket connection to server /127.0.0.1:52181.
09:47:10.106 [main-SendThread(127.0.0.1:52181)] INFO org.apache.zookeeper.ClientCnxn -- Socket connection established, initiating session, client: /127.0.0.1:52182, server: /127.0.0.1:52181
09:47:10.108 [SyncThread:0] INFO org.apache.zookeeper.server.persistence.FileTxnLog -- Creating new log file: log.1
09:47:10.111 [main-SendThread(127.0.0.1:52181)] INFO org.apache.zookeeper.ClientCnxn -- Session establishment complete on server /127.0.0.1:52181, session id = 0x100920193e80000, negotiated timeout = 16000
09:47:10.111 [main] INFO kafka.zookeeper.ZooKeeperClient -- [ZooKeeperClient Kafka server] Connected.
09:47:10.183 [main] INFO kafka.server.KafkaServer -- Cluster ID = hpouSoq8TRaCfEtZ_nKODg
09:47:10.197 [main] INFO kafka.server.KafkaConfig -- KafkaConfig values: 
	advertised.listeners = null
	alter.config.policy.class.name = null
	alter.config.policy.kraft.compatibility.enable = false
	alter.log.dirs.replication.quota.window.num = 11
	alter.log.dirs.replication.quota.window.size.seconds = 1
	authorizer.class.name = 
	auto.create.topics.enable = true
	auto.include.jmx.reporter = true
	auto.leader.rebalance.enable = true
	background.threads = 2
	broker.heartbeat.interval.ms = 2000
	broker.id = 0
	broker.id.generation.enable = true
	broker.rack = null
	broker.session.timeout.ms = 9000
	client.quota.callback.class = null
	compression.gzip.level = -1
	compression.lz4.level = 9
	compression.type = producer
	compression.zstd.level = 3
	connection.failed.authentication.delay.ms = 100
	connections.max.idle.ms = 600000
	connections.max.reauth.ms = 0
	control.plane.listener.name = null
	controlled.shutdown.enable = true
	controlled.shutdown.max.retries = 3
	controlled.shutdown.retry.backoff.ms = 100
	controller.listener.names = null
	controller.quorum.append.linger.ms = 25
	controller.quorum.bootstrap.servers = []
	controller.quorum.election.backoff.max.ms = 1000
	controller.quorum.election.timeout.ms = 1000
	controller.quorum.fetch.timeout.ms = 2000
	controller.quorum.request.timeout.ms = 2000
	controller.quorum.retry.backoff.ms = 20
	controller.quorum.voters = []
	controller.quota.window.num = 11
	controller.quota.window.size.seconds = 1
	controller.socket.timeout.ms = 1000
	create.topic.policy.class.name = null
	default.replication.factor = 1
	delegation.token.expiry.check.interval.ms = 3600000
	delegation.token.expiry.time.ms = 86400000
	delegation.token.master.key = null
	delegation.token.max.lifetime.ms = 604800000
	delegation.token.secret.key = null
	delete.records.purgatory.purge.interval.requests = 1
	delete.topic.enable = true
	early.start.listeners = null
	eligible.leader.replicas.enable = false
	fetch.max.bytes = 57671680
	fetch.purgatory.purge.interval.requests = 1000
	group.consumer.assignors = [org.apache.kafka.coordinator.group.assignor.UniformAssignor, org.apache.kafka.coordinator.group.assignor.RangeAssignor]
	group.consumer.heartbeat.interval.ms = 5000
	group.consumer.max.heartbeat.interval.ms = 15000
	group.consumer.max.session.timeout.ms = 60000
	group.consumer.max.size = 2147483647
	group.consumer.migration.policy = disabled
	group.consumer.min.heartbeat.interval.ms = 5000
	group.consumer.min.session.timeout.ms = 45000
	group.consumer.session.timeout.ms = 45000
	group.coordinator.append.linger.ms = 10
	group.coordinator.new.enable = false
	group.coordinator.rebalance.protocols = [classic]
	group.coordinator.threads = 1
	group.initial.rebalance.delay.ms = 0
	group.max.session.timeout.ms = 1800000
	group.max.size = 2147483647
	group.min.session.timeout.ms = 6000
	group.share.delivery.count.limit = 5
	group.share.enable = false
	group.share.heartbeat.interval.ms = 5000
	group.share.max.groups = 10
	group.share.max.heartbeat.interval.ms = 15000
	group.share.max.record.lock.duration.ms = 60000
	group.share.max.session.timeout.ms = 60000
	group.share.max.size = 200
	group.share.min.heartbeat.interval.ms = 5000
	group.share.min.record.lock.duration.ms = 15000
	group.share.min.session.timeout.ms = 45000
	group.share.partition.max.record.locks = 200
	group.share.record.lock.duration.ms = 30000
	group.share.session.timeout.ms = 45000
	initial.broker.registration.timeout.ms = 60000
	inter.broker.listener.name = null
	inter.broker.protocol.version = 3.9-IV0
	kafka.metrics.polling.interval.secs = 10
	kafka.metrics.reporters = []
	leader.imbalance.check.interval.seconds = 300
	leader.imbalance.per.broker.percentage = 10
	listener.security.protocol.map = SASL_SSL:SASL_SSL,PLAINTEXT:PLAINTEXT,SSL:SSL,SASL_PLAINTEXT:SASL_PLAINTEXT
	listeners = PLAINTEXT://localhost:0
	log.cleaner.backoff.ms = 15000
	log.cleaner.dedupe.buffer.size = 2097152
	log.cleaner.delete.retention.ms = 86400000
	log.cleaner.enable = true
	log.cleaner.io.buffer.load.factor = 0.9
	log.cleaner.io.buffer.size = 524288
	log.cleaner.io.max.bytes.per.second = 1.7976931348623157E308
	log.cleaner.max.compaction.lag.ms = 9223372036854775807
	log.cleaner.min.cleanable.ratio = 0.5
	log.cleaner.min.compaction.lag.ms = 0
	log.cleaner.threads = 1
	log.cleanup.policy = [delete]
	log.dir = C:\Users\labri\AppData\Local\Temp\spring.kafka.b6ffc4d9-05c0-4e7b-a4fd-671bbcabc19a7009045756194507880
	log.dir.failure.timeout.ms = 30000
	log.dirs = null
	log.flush.interval.messages = 9223372036854775807
	log.flush.interval.ms = null
	log.flush.offset.checkpoint.interval.ms = 60000
	log.flush.scheduler.interval.ms = 9223372036854775807
	log.flush.start.offset.checkpoint.interval.ms = 60000
	log.index.interval.bytes = 4096
	log.index.size.max.bytes = 10485760
	log.initial.task.delay.ms = 100
	log.local.retention.bytes = -2
	log.local.retention.ms = -2
	log.message.downconversion.enable = true
	log.message.format.version = 3.0-IV1
	log.message.timestamp.after.max.ms = 9223372036854775807
	log.message.timestamp.before.max.ms = 9223372036854775807
	log.message.timestamp.difference.max.ms = 9223372036854775807
	log.message.timestamp.type = CreateTime
	log.preallocate = false
	log.retention.bytes = -1
	log.retention.check.interval.ms = 300000
	log.retention.hours = 168
	log.retention.minutes = null
	log.retention.ms = null
	log.roll.hours = 168
	log.roll.jitter.hours = 0
	log.roll.jitter.ms = null
	log.roll.ms = null
	log.segment.bytes = 1073741824
	log.segment.delete.delay.ms = 1000
	max.connection.creation.rate = 2147483647
	max.connections = 2147483647
	max.connections.per.ip = 2147483647
	max.connections.per.ip.overrides = 
	max.incremental.fetch.session.cache.slots = 1000
	max.request.partition.size.limit = 2000
	message.max.bytes = 1048588
	metadata.log.dir = null
	metadata.log.max.record.bytes.between.snapshots = 20971520
	metadata.log.max.snapshot.interval.ms = 3600000
	metadata.log.segment.bytes = 1073741824
	metadata.log.segment.min.bytes = 8388608
	metadata.log.segment.ms = 604800000
	metadata.max.idle.interval.ms = 500
	metadata.max.retention.bytes = 104857600
	metadata.max.retention.ms = 604800000
	metric.reporters = []
	metrics.num.samples = 2
	metrics.recording.level = INFO
	metrics.sample.window.ms = 30000
	min.insync.replicas = 1
	node.id = 0
	num.io.threads = 8
	num.network.threads = 2
	num.partitions = 1
	num.recovery.threads.per.data.dir = 1
	num.replica.alter.log.dirs.threads = null
	num.replica.fetchers = 1
	offset.metadata.max.bytes = 4096
	offsets.commit.required.acks = -1
	offsets.commit.timeout.ms = 5000
	offsets.load.buffer.size = 5242880
	offsets.retention.check.interval.ms = 600000
	offsets.retention.minutes = 10080
	offsets.topic.compression.codec = 0
	offsets.topic.num.partitions = 5
	offsets.topic.replication.factor = 1
	offsets.topic.segment.bytes = 104857600
	password.encoder.cipher.algorithm = AES/CBC/PKCS5Padding
	password.encoder.iterations = 4096
	password.encoder.key.length = 128
	password.encoder.keyfactory.algorithm = null
	password.encoder.old.secret = null
	password.encoder.secret = null
	principal.builder.class = class org.apache.kafka.common.security.authenticator.DefaultKafkaPrincipalBuilder
	process.roles = []
	producer.id.expiration.check.interval.ms = 600000
	producer.id.expiration.ms = 86400000
	producer.purgatory.purge.interval.requests = 1000
	queued.max.request.bytes = -1
	queued.max.requests = 500
	quota.window.num = 11
	quota.window.size.seconds = 1
	remote.fetch.max.wait.ms = 500
	remote.log.index.file.cache.total.size.bytes = 1073741824
	remote.log.manager.copier.thread.pool.size = -1
	remote.log.manager.copy.max.bytes.per.second = 9223372036854775807
	remote.log.manager.copy.quota.window.num = 11
	remote.log.manager.copy.quota.window.size.seconds = 1
	remote.log.manager.expiration.thread.pool.size = -1
	remote.log.manager.fetch.max.bytes.per.second = 9223372036854775807
	remote.log.manager.fetch.quota.window.num = 11
	remote.log.manager.fetch.quota.window.size.seconds = 1
	remote.log.manager.task.interval.ms = 30000
	remote.log.manager.task.retry.backoff.max.ms = 30000
	remote.log.manager.task.retry.backoff.ms = 500
	remote.log.manager.task.retry.jitter = 0.2
	remote.log.manager.thread.pool.size = 10
	remote.log.metadata.custom.metadata.max.bytes = 128
	remote.log.metadata.manager.class.name = org.apache.kafka.server.log.remote.metadata.storage.TopicBasedRemoteLogMetadataManager
	remote.log.metadata.manager.class.path = null
	remote.log.metadata.manager.impl.prefix = rlmm.config.
	remote.log.metadata.manager.listener.name = null
	remote.log.reader.max.pending.tasks = 100
	remote.log.reader.threads = 10
	remote.log.storage.manager.class.name = null
	remote.log.storage.manager.class.path = null
	remote.log.storage.manager.impl.prefix = rsm.config.
	remote.log.storage.system.enable = false
	replica.fetch.backoff.ms = 1000
	replica.fetch.max.bytes = 1048576
	replica.fetch.min.bytes = 1
	replica.fetch.response.max.bytes = 10485760
	replica.fetch.wait.max.ms = 500
	replica.high.watermark.checkpoint.interval.ms = 9223372036854775807
	replica.lag.time.max.ms = 30000
	replica.selector.class = null
	replica.socket.receive.buffer.bytes = 65536
	replica.socket.timeout.ms = 1000
	replication.quota.window.num = 11
	replication.quota.window.size.seconds = 1
	request.timeout.ms = 30000
	reserved.broker.max.id = 1000
	sasl.client.callback.handler.class = null
	sasl.enabled.mechanisms = [GSSAPI]
	sasl.jaas.config = null
	sasl.kerberos.kinit.cmd = /usr/bin/kinit
	sasl.kerberos.min.time.before.relogin = 60000
	sasl.kerberos.principal.to.local.rules = [DEFAULT]
	sasl.kerberos.service.name = null
	sasl.kerberos.ticket.renew.jitter = 0.05
	sasl.kerberos.ticket.renew.window.factor = 0.8
	sasl.login.callback.handler.class = null
	sasl.login.class = null
	sasl.login.connect.timeout.ms = null
	sasl.login.read.timeout.ms = null
	sasl.login.refresh.buffer.seconds = 300
	sasl.login.refresh.min.period.seconds = 60
	sasl.login.refresh.window.factor = 0.8
	sasl.login.refresh.window.jitter = 0.05
	sasl.login.retry.backoff.max.ms = 10000
	sasl.login.retry.backoff.ms = 100
	sasl.mechanism.controller.protocol = GSSAPI
	sasl.mechanism.inter.broker.protocol = GSSAPI
	sasl.oauthbearer.clock.skew.seconds = 30
	sasl.oauthbearer.expected.audience = null
	sasl.oauthbearer.expected.issuer = null
	sasl.oauthbearer.jwks.endpoint.refresh.ms = 3600000
	sasl.oauthbearer.jwks.endpoint.retry.backoff.max.ms = 10000
	sasl.oauthbearer.jwks.endpoint.retry.backoff.ms = 100
	sasl.oauthbearer.jwks.endpoint.url = null
	sasl.oauthbearer.scope.claim.name = scope
	sasl.oauthbearer.sub.claim.name = sub
	sasl.oauthbearer.token.endpoint.url = null
	sasl.server.callback.handler.class = null
	sasl.server.max.receive.size = 524288
	security.inter.broker.protocol = PLAINTEXT
	security.providers = null
	server.max.startup.time.ms = 9223372036854775807
	socket.connection.setup.timeout.max.ms = 30000
	socket.connection.setup.timeout.ms = 10000
	socket.listen.backlog.size = 50
	socket.receive.buffer.bytes = 102400
	socket.request.max.bytes = 104857600
	socket.send.buffer.bytes = 102400
	ssl.allow.dn.changes = false
	ssl.allow.san.changes = false
	ssl.cipher.suites = []
	ssl.client.auth = none
	ssl.enabled.protocols = [TLSv1.2, TLSv1.3]
	ssl.endpoint.identification.algorithm = https
	ssl.engine.factory.class = null
	ssl.key.password = null
	ssl.keymanager.algorithm = SunX509
	ssl.keystore.certificate.chain = null
	ssl.keystore.key = null
	ssl.keystore.location = null
	ssl.keystore.password = null
	ssl.keystore.type = JKS
	ssl.principal.mapping.rules = DEFAULT
	ssl.protocol = TLSv1.3
	ssl.provider = null
	ssl.secure.random.implementation = null
	ssl.trustmanager.algorithm = PKIX
	ssl.truststore.certificates = null
	ssl.truststore.location = null
	ssl.truststore.password = null
	ssl.truststore.type = JKS
	telemetry.max.bytes = 1048576
	transaction.abort.timed.out.transaction.cleanup.interval.ms = 10000
	transaction.max.timeout.ms = 900000
	transaction.partition.verification.enable = true
	transaction.remove.expired.transaction.cleanup.interval.ms = 3600000
	transaction.state.log.load.buffer.size = 5242880
	transaction.state.log.min.isr = 2
	transaction.state.log.num.partitions = 50
	transaction.state.log.replication.factor = 3
	transaction.state.log.segment.bytes = 104857600
	transactional.id.expiration.ms = 604800000
	unclean.leader.election.enable = false
	unclean.leader.election.interval.ms = 300000
	unstable.api.versions.enable = true
	unstable.feature.versions.enable = true
	zookeeper.clientCnxnSocket = null
	zookeeper.connect = 127.0.0.1:52181
	zookeeper.connection.timeout.ms = 10000
	zookeeper.max.in.flight.requests = 10
	zookeeper.metadata.migration.enable = false
	zookeeper.metadata.migration.min.batch.size = 200
	zookeeper.session.timeout.ms = 18000
	zookeeper.set.acl = false
	zookeeper.ssl.cipher.suites = null
	zookeeper.ssl.client.enable = false
	zookeeper.ssl.crl.enable = false
	zookeeper.ssl.enabled.protocols = null
	zookeeper.ssl.endpoint.identification.algorithm = HTTPS
	zookeeper.ssl.keystore.location = null
	zookeeper.ssl.keystore.password = null
	zookeeper.ssl.keystore.type = null
	zookeeper.ssl.ocsp.enable = false
	zookeeper.ssl.protocol = TLSv1.2
	zookeeper.ssl.truststore.location = null
	zookeeper.ssl.truststore.password = null
	zookeeper.ssl.truststore.type = null

09:47:10.206 [ThrottledChannelReaper-Produce] INFO kafka.server.ClientQuotaManager$ThrottledChannelReaper -- [ThrottledChannelReaper-Produce]: Starting
09:47:10.206 [ThrottledChannelReaper-Fetch] INFO kafka.server.ClientQuotaManager$ThrottledChannelReaper -- [ThrottledChannelReaper-Fetch]: Starting
09:47:10.207 [ThrottledChannelReaper-Request] INFO kafka.server.ClientQuotaManager$ThrottledChannelReaper -- [ThrottledChannelReaper-Request]: Starting
09:47:10.207 [ThrottledChannelReaper-ControllerMutation] INFO kafka.server.ClientQuotaManager$ThrottledChannelReaper -- [ThrottledChannelReaper-ControllerMutation]: Starting
09:47:10.207 [main] INFO kafka.server.KafkaServer -- [KafkaServer id=0] Rewriting C:\Users\labri\AppData\Local\Temp\spring.kafka.b6ffc4d9-05c0-4e7b-a4fd-671bbcabc19a7009045756194507880\meta.properties
09:47:10.218 [main] INFO kafka.log.LogManager -- Loading logs from log dirs ArrayBuffer(C:\Users\labri\AppData\Local\Temp\spring.kafka.b6ffc4d9-05c0-4e7b-a4fd-671bbcabc19a7009045756194507880)
09:47:10.219 [main] INFO kafka.log.LogManager -- No logs found to be loaded in C:\Users\labri\AppData\Local\Temp\spring.kafka.b6ffc4d9-05c0-4e7b-a4fd-671bbcabc19a7009045756194507880
09:47:10.220 [main] INFO kafka.log.LogManager -- Loaded 0 logs in 2ms
09:47:10.221 [main] INFO kafka.log.LogManager -- Starting log cleanup with a period of 300000 ms.
09:47:10.221 [main] INFO kafka.log.LogManager -- Starting log flusher with a default period of 9223372036854775807 ms.
09:47:10.223 [main] INFO kafka.log.LogCleaner -- Starting the log cleaner
09:47:10.224 [kafka-log-cleaner-thread-0] INFO kafka.log.LogCleaner$CleanerThread -- [kafka-log-cleaner-thread-0]: Starting
09:47:10.225 [feature-zk-node-event-process-thread] INFO kafka.server.FinalizedFeatureChangeListener$ChangeNotificationProcessorThread -- [feature-zk-node-event-process-thread]: Starting
09:47:10.227 [feature-zk-node-event-process-thread] INFO kafka.server.FinalizedFeatureChangeListener -- Feature ZK node at path: /feature does not exist
09:47:10.232 [zk-broker-0-to-controller-forwarding-channel-manager] INFO kafka.server.NodeToControllerRequestThread -- [zk-broker-0-to-controller-forwarding-channel-manager]: Starting
09:47:10.288 [main] INFO kafka.network.ConnectionQuotas -- Updated connection-accept-rate max connection creation rate to 2147483647
09:47:10.292 [main] INFO kafka.network.DataPlaneAcceptor -- Awaiting socket connections on localhost:52183.
09:47:10.293 [main] INFO kafka.network.DataPlaneAcceptor -- Opened wildcard endpoint localhost:52183
09:47:10.304 [main] INFO kafka.network.SocketServer -- [SocketServer listenerType=ZK_BROKER, nodeId=0] Created data-plane acceptor and processors for endpoint : ListenerName(PLAINTEXT)
09:47:10.308 [zk-broker-0-to-controller-alter-partition-channel-manager] INFO kafka.server.NodeToControllerRequestThread -- [zk-broker-0-to-controller-alter-partition-channel-manager]: Starting
09:47:10.312 [ExpirationReaper-0-Produce] INFO kafka.server.DelayedOperationPurgatory$ExpiredOperationReaper -- [ExpirationReaper-0-Produce]: Starting
09:47:10.313 [ExpirationReaper-0-Fetch] INFO kafka.server.DelayedOperationPurgatory$ExpiredOperationReaper -- [ExpirationReaper-0-Fetch]: Starting
09:47:10.315 [ExpirationReaper-0-DeleteRecords] INFO kafka.server.DelayedOperationPurgatory$ExpiredOperationReaper -- [ExpirationReaper-0-DeleteRecords]: Starting
09:47:10.318 [ExpirationReaper-0-ElectLeader] INFO kafka.server.DelayedOperationPurgatory$ExpiredOperationReaper -- [ExpirationReaper-0-ElectLeader]: Starting
09:47:10.319 [ExpirationReaper-0-RemoteFetch] INFO kafka.server.DelayedOperationPurgatory$ExpiredOperationReaper -- [ExpirationReaper-0-RemoteFetch]: Starting
09:47:10.322 [LogDirFailureHandler] INFO kafka.server.ReplicaManager$LogDirFailureHandler -- [LogDirFailureHandler]: Starting
09:47:10.322 [AddPartitionsToTxnSenderThread-0] INFO kafka.server.AddPartitionsToTxnManager -- [AddPartitionsToTxnSenderThread-0]: Starting
09:47:10.325 [main] INFO kafka.zk.KafkaZkClient -- Creating /brokers/ids/0 (is it secure? false)
09:47:10.329 [main] INFO kafka.zk.KafkaZkClient -- Stat of the created znode at /brokers/ids/0 is: 25,25,1784123230326,1784123230326,1,0,0,72218129512005632,204,0,25

09:47:10.329 [main] INFO kafka.zk.KafkaZkClient -- Registered broker 0 at path /brokers/ids/0 with addresses: PLAINTEXT://localhost:52183, czxid (broker epoch): 25
09:47:10.341 [controller-event-thread] INFO kafka.controller.ControllerEventManager$ControllerEventThread -- [ControllerEventThread controllerId=0] Starting
09:47:10.342 [ExpirationReaper-0-topic] INFO kafka.server.DelayedOperationPurgatory$ExpiredOperationReaper -- [ExpirationReaper-0-topic]: Starting
09:47:10.343 [ExpirationReaper-0-Heartbeat] INFO kafka.server.DelayedOperationPurgatory$ExpiredOperationReaper -- [ExpirationReaper-0-Heartbeat]: Starting
09:47:10.344 [ExpirationReaper-0-Rebalance] INFO kafka.server.DelayedOperationPurgatory$ExpiredOperationReaper -- [ExpirationReaper-0-Rebalance]: Starting
09:47:10.345 [main] INFO kafka.coordinator.group.GroupCoordinator -- [GroupCoordinator 0]: Starting up.
09:47:10.348 [main] INFO kafka.coordinator.group.GroupCoordinator -- [GroupCoordinator 0]: Startup complete.
09:47:10.352 [controller-event-thread] INFO kafka.zk.KafkaZkClient -- Successfully created /controller_epoch with initial epoch 0
09:47:10.355 [main] INFO kafka.coordinator.transaction.TransactionCoordinator -- [TransactionCoordinator id=0] Starting up.
09:47:10.357 [controller-event-thread] INFO kafka.controller.KafkaController -- [Controller id=0] 0 successfully elected as the controller. Epoch incremented to 1 and epoch zk version is now 1
09:47:10.358 [main] INFO kafka.coordinator.transaction.TransactionCoordinator -- [TransactionCoordinator id=0] Startup complete.
09:47:10.358 [TxnMarkerSenderThread-0] INFO kafka.coordinator.transaction.TransactionMarkerChannelManager -- [TxnMarkerSenderThread-0]: Starting
09:47:10.359 [controller-event-thread] INFO kafka.controller.KafkaController -- [Controller id=0] Creating FeatureZNode at path: /feature with contents: FeatureZNode(2,Enabled,Map())
09:47:10.360 [ExpirationReaper-0-AlterAcls] INFO kafka.server.DelayedOperationPurgatory$ExpiredOperationReaper -- [ExpirationReaper-0-AlterAcls]: Starting
09:47:10.362 [main-EventThread] INFO kafka.server.FinalizedFeatureChangeListener -- Feature ZK node created at path: /feature
09:47:10.365 [feature-zk-node-event-process-thread] INFO kafka.server.metadata.ZkMetadataCache -- [MetadataCache brokerId=0] Updated cache from existing None to latest Features(metadataVersion=3.9-IV0, finalizedFeatures={}, finalizedFeaturesEpoch=0).
09:47:10.366 [controller-event-thread] INFO kafka.controller.KafkaController -- [Controller id=0] Registering handlers
09:47:10.369 [/config/changes-event-process-thread] INFO kafka.common.ZkNodeChangeNotificationListener$ChangeEventProcessThread -- [/config/changes-event-process-thread]: Starting
09:47:10.373 [controller-event-thread] INFO kafka.controller.KafkaController -- [Controller id=0] Deleting log dir event notifications
09:47:10.375 [controller-event-thread] INFO kafka.controller.KafkaController -- [Controller id=0] Deleting isr change notifications
09:47:10.377 [controller-event-thread] INFO kafka.controller.KafkaController -- [Controller id=0] Initializing controller context
09:47:10.380 [main] INFO kafka.network.SocketServer -- [SocketServer listenerType=ZK_BROKER, nodeId=0] Enabling request processing.
09:47:10.381 [controller-event-thread] INFO kafka.controller.KafkaController -- [Controller id=0] Initialized broker epochs cache: HashMap(0 -> 25)
09:47:10.382 [main] INFO kafka.server.KafkaServer -- [KafkaServer id=0] Start processing authorizer futures
09:47:10.383 [main] INFO kafka.server.KafkaServer -- [KafkaServer id=0] End processing authorizer futures
09:47:10.383 [main] INFO kafka.server.KafkaServer -- [KafkaServer id=0] Start processing enable request processing future
09:47:10.383 [main] INFO kafka.server.KafkaServer -- [KafkaServer id=0] End processing enable request processing future
09:47:10.383 [main] INFO org.apache.kafka.common.utils.AppInfoParser -- Kafka version: 3.9.2
09:47:10.384 [main] INFO org.apache.kafka.common.utils.AppInfoParser -- Kafka commitId: 5e9866f43ab8e7e4
09:47:10.384 [main] INFO org.apache.kafka.common.utils.AppInfoParser -- Kafka startTimeMs: 1784123230383
09:47:10.385 [main] INFO kafka.server.KafkaServer -- [KafkaServer id=0] started
09:47:10.386 [main] INFO org.apache.kafka.clients.admin.AdminClientConfig -- AdminClientConfig values: 
	auto.include.jmx.reporter = true
	bootstrap.controllers = []
	bootstrap.servers = [127.0.0.1:52183]
	client.dns.lookup = use_all_dns_ips
	client.id = 
	connections.max.idle.ms = 300000
	default.api.timeout.ms = 60000
	enable.metrics.push = true
	metadata.max.age.ms = 300000
	metadata.recovery.strategy = none
	metric.reporters = []
	metrics.num.samples = 2
	metrics.recording.level = INFO
	metrics.sample.window.ms = 30000
	receive.buffer.bytes = 65536
	reconnect.backoff.max.ms = 1000
	reconnect.backoff.ms = 50
	request.timeout.ms = 30000
	retries = 2147483647
	retry.backoff.max.ms = 1000
	retry.backoff.ms = 100
	sasl.client.callback.handler.class = null
	sasl.jaas.config = null
	sasl.kerberos.kinit.cmd = /usr/bin/kinit
	sasl.kerberos.min.time.before.relogin = 60000
	sasl.kerberos.service.name = null
	sasl.kerberos.ticket.renew.jitter = 0.05
	sasl.kerberos.ticket.renew.window.factor = 0.8
	sasl.login.callback.handler.class = null
	sasl.login.class = null
	sasl.login.connect.timeout.ms = null
	sasl.login.read.timeout.ms = null
	sasl.login.refresh.buffer.seconds = 300
	sasl.login.refresh.min.period.seconds = 60
	sasl.login.refresh.window.factor = 0.8
	sasl.login.refresh.window.jitter = 0.05
	sasl.login.retry.backoff.max.ms = 10000
	sasl.login.retry.backoff.ms = 100
	sasl.mechanism = GSSAPI
	sasl.oauthbearer.clock.skew.seconds = 30
	sasl.oauthbearer.expected.audience = null
	sasl.oauthbearer.expected.issuer = null
	sasl.oauthbearer.header.urlencode = false
	sasl.oauthbearer.jwks.endpoint.refresh.ms = 3600000
	sasl.oauthbearer.jwks.endpoint.retry.backoff.max.ms = 10000
	sasl.oauthbearer.jwks.endpoint.retry.backoff.ms = 100
	sasl.oauthbearer.jwks.endpoint.url = null
	sasl.oauthbearer.scope.claim.name = scope
	sasl.oauthbearer.sub.claim.name = sub
	sasl.oauthbearer.token.endpoint.url = null
	security.protocol = PLAINTEXT
	security.providers = null
	send.buffer.bytes = 131072
	socket.connection.setup.timeout.max.ms = 30000
	socket.connection.setup.timeout.ms = 10000
	ssl.cipher.suites = null
	ssl.enabled.protocols = [TLSv1.2, TLSv1.3]
	ssl.endpoint.identification.algorithm = https
	ssl.engine.factory.class = null
	ssl.key.password = null
	ssl.keymanager.algorithm = SunX509
	ssl.keystore.certificate.chain = null
	ssl.keystore.key = null
	ssl.keystore.location = null
	ssl.keystore.password = null
	ssl.keystore.type = JKS
	ssl.protocol = TLSv1.3
	ssl.provider = null
	ssl.secure.random.implementation = null
	ssl.trustmanager.algorithm = PKIX
	ssl.truststore.certificates = null
	ssl.truststore.location = null
	ssl.truststore.password = null
	ssl.truststore.type = JKS

09:47:10.391 [main] INFO org.apache.kafka.common.utils.AppInfoParser -- Kafka version: 3.9.2
09:47:10.391 [main] INFO org.apache.kafka.common.utils.AppInfoParser -- Kafka commitId: 5e9866f43ab8e7e4
09:47:10.391 [main] INFO org.apache.kafka.common.utils.AppInfoParser -- Kafka startTimeMs: 1784123230390
09:47:10.392 [kafka-admin-client-thread | adminclient-2] INFO org.apache.kafka.common.utils.AppInfoParser -- App info kafka.admin.client for adminclient-2 unregistered
09:47:10.393 [controller-event-thread] INFO kafka.controller.KafkaController -- [Controller id=0] Currently active brokers in the cluster: Set(0)
09:47:10.393 [Controller-0-to-broker-0-send-thread] INFO kafka.controller.RequestSendThread -- [RequestSendThread controllerId=0] Starting
09:47:10.393 [controller-event-thread] INFO kafka.controller.KafkaController -- [Controller id=0] Currently shutting brokers in the cluster: HashSet()
09:47:10.393 [controller-event-thread] INFO kafka.controller.KafkaController -- [Controller id=0] Current list of topics in the cluster: HashSet()
09:47:10.393 [controller-event-thread] INFO kafka.controller.KafkaController -- [Controller id=0] Fetching topic deletions in progress
09:47:10.393 [kafka-admin-client-thread | adminclient-2] INFO org.apache.kafka.common.metrics.Metrics -- Metrics scheduler closed
09:47:10.393 [kafka-admin-client-thread | adminclient-2] INFO org.apache.kafka.common.metrics.Metrics -- Closing reporter org.apache.kafka.common.metrics.JmxReporter
09:47:10.393 [kafka-admin-client-thread | adminclient-2] INFO org.apache.kafka.common.metrics.Metrics -- Metrics reporters closed
09:47:10.395 [controller-event-thread] INFO kafka.controller.KafkaController -- [Controller id=0] List of topics to be deleted: 
09:47:10.395 [controller-event-thread] INFO kafka.controller.KafkaController -- [Controller id=0] List of topics ineligible for deletion: 
09:47:10.395 [controller-event-thread] INFO kafka.controller.KafkaController -- [Controller id=0] Initializing topic deletion manager
09:47:10.395 [controller-event-thread] INFO kafka.controller.TopicDeletionManager -- [Topic Deletion Manager 0] Initializing manager with initial deletions: Set(), initial ineligible deletions: HashSet()
09:47:10.396 [controller-event-thread] INFO kafka.controller.KafkaController -- [Controller id=0] Sending update metadata request
09:47:10.396 [controller-event-thread] INFO state.change.logger -- [Controller id=0 epoch=1] Sending UpdateMetadata request to brokers HashSet(0) for 0 partitions
09:47:10.397 [controller-event-thread] INFO kafka.controller.ZkReplicaStateMachine -- [ReplicaStateMachine controllerId=0] Initializing replica state
09:47:10.397 [controller-event-thread] INFO kafka.controller.ZkReplicaStateMachine -- [ReplicaStateMachine controllerId=0] Triggering online replica state changes
09:47:10.397 [controller-event-thread] INFO kafka.controller.ZkReplicaStateMachine -- [ReplicaStateMachine controllerId=0] Triggering offline replica state changes
09:47:10.398 [controller-event-thread] INFO kafka.controller.ZkPartitionStateMachine -- [PartitionStateMachine controllerId=0] Initializing partition state
09:47:10.398 [controller-event-thread] INFO kafka.controller.ZkPartitionStateMachine -- [PartitionStateMachine controllerId=0] Triggering online partition state changes
09:47:10.398 [controller-event-thread] INFO kafka.controller.KafkaController -- [Controller id=0] Ready to serve as the new controller with epoch 1
09:47:10.400 [Controller-0-to-broker-0-send-thread] INFO kafka.controller.RequestSendThread -- [RequestSendThread controllerId=0] Controller 0 connected to localhost:52183 (id: 0 rack: null) for sending state change requests
09:47:10.405 [main] INFO org.apache.kafka.clients.admin.AdminClientConfig -- AdminClientConfig values: 
	auto.include.jmx.reporter = true
	bootstrap.controllers = []
	bootstrap.servers = [127.0.0.1:52183]
	client.dns.lookup = use_all_dns_ips
	client.id = 
	connections.max.idle.ms = 300000
	default.api.timeout.ms = 60000
	enable.metrics.push = true
	metadata.max.age.ms = 300000
	metadata.recovery.strategy = none
	metric.reporters = []
	metrics.num.samples = 2
	metrics.recording.level = INFO
	metrics.sample.window.ms = 30000
	receive.buffer.bytes = 65536
	reconnect.backoff.max.ms = 1000
	reconnect.backoff.ms = 50
	request.timeout.ms = 30000
	retries = 2147483647
	retry.backoff.max.ms = 1000
	retry.backoff.ms = 100
	sasl.client.callback.handler.class = null
	sasl.jaas.config = null
	sasl.kerberos.kinit.cmd = /usr/bin/kinit
	sasl.kerberos.min.time.before.relogin = 60000
	sasl.kerberos.service.name = null
	sasl.kerberos.ticket.renew.jitter = 0.05
	sasl.kerberos.ticket.renew.window.factor = 0.8
	sasl.login.callback.handler.class = null
	sasl.login.class = null
	sasl.login.connect.timeout.ms = null
	sasl.login.read.timeout.ms = null
	sasl.login.refresh.buffer.seconds = 300
	sasl.login.refresh.min.period.seconds = 60
	sasl.login.refresh.window.factor = 0.8
	sasl.login.refresh.window.jitter = 0.05
	sasl.login.retry.backoff.max.ms = 10000
	sasl.login.retry.backoff.ms = 100
	sasl.mechanism = GSSAPI
	sasl.oauthbearer.clock.skew.seconds = 30
	sasl.oauthbearer.expected.audience = null
	sasl.oauthbearer.expected.issuer = null
	sasl.oauthbearer.header.urlencode = false
	sasl.oauthbearer.jwks.endpoint.refresh.ms = 3600000
	sasl.oauthbearer.jwks.endpoint.retry.backoff.max.ms = 10000
	sasl.oauthbearer.jwks.endpoint.retry.backoff.ms = 100
	sasl.oauthbearer.jwks.endpoint.url = null
	sasl.oauthbearer.scope.claim.name = scope
	sasl.oauthbearer.sub.claim.name = sub
	sasl.oauthbearer.token.endpoint.url = null
	security.protocol = PLAINTEXT
	security.providers = null
	send.buffer.bytes = 131072
	socket.connection.setup.timeout.max.ms = 30000
	socket.connection.setup.timeout.ms = 10000
	ssl.cipher.suites = null
	ssl.enabled.protocols = [TLSv1.2, TLSv1.3]
	ssl.endpoint.identification.algorithm = https
	ssl.engine.factory.class = null
	ssl.key.password = null
	ssl.keymanager.algorithm = SunX509
	ssl.keystore.certificate.chain = null
	ssl.keystore.key = null
	ssl.keystore.location = null
	ssl.keystore.password = null
	ssl.keystore.type = JKS
	ssl.protocol = TLSv1.3
	ssl.provider = null
	ssl.secure.random.implementation = null
	ssl.trustmanager.algorithm = PKIX
	ssl.truststore.certificates = null
	ssl.truststore.location = null
	ssl.truststore.password = null
	ssl.truststore.type = JKS

09:47:10.407 [controller-event-thread] INFO kafka.controller.KafkaController -- [Controller id=0] Partitions undergoing preferred replica election: 
09:47:10.407 [controller-event-thread] INFO kafka.controller.KafkaController -- [Controller id=0] Partitions that completed preferred replica election: 
09:47:10.407 [controller-event-thread] INFO kafka.controller.KafkaController -- [Controller id=0] Skipping preferred replica election for partitions due to topic deletion: 
09:47:10.407 [controller-event-thread] INFO kafka.controller.KafkaController -- [Controller id=0] Resuming preferred replica election for partitions: 
09:47:10.407 [controller-event-thread] INFO kafka.controller.KafkaController -- [Controller id=0] Starting replica leader election (PREFERRED) for partitions  triggered by ZkTriggered
09:47:10.409 [zk-broker-0-to-controller-alter-partition-channel-manager] INFO kafka.server.NodeToControllerRequestThread -- [zk-broker-0-to-controller-alter-partition-channel-manager]: Recorded new ZK controller, from now on will use node localhost:52183 (id: 0 rack: null)
09:47:10.410 [controller-event-thread] INFO kafka.controller.KafkaController -- [Controller id=0] Starting the controller scheduler
09:47:10.411 [main] INFO org.apache.kafka.common.utils.AppInfoParser -- Kafka version: 3.9.2
09:47:10.411 [main] INFO org.apache.kafka.common.utils.AppInfoParser -- Kafka commitId: 5e9866f43ab8e7e4
09:47:10.411 [main] INFO org.apache.kafka.common.utils.AppInfoParser -- Kafka startTimeMs: 1784123230411
09:47:10.441 [zk-broker-0-to-controller-forwarding-channel-manager] INFO kafka.server.NodeToControllerRequestThread -- [zk-broker-0-to-controller-forwarding-channel-manager]: Recorded new ZK controller, from now on will use node localhost:52183 (id: 0 rack: null)
09:47:10.441 [data-plane-kafka-request-handler-4] INFO kafka.zk.AdminZkClient -- Creating topic existing-it-2449577250646900 with configuration {} and initial partition assignment HashMap(0 -> ArrayBuffer(0))
09:47:10.458 [controller-event-thread] INFO kafka.controller.KafkaController -- [Controller id=0] New topics: [Set(existing-it-2449577250646900)], deleted topics: [HashSet()], new partition replica assignment [Set(TopicIdReplicaAssignment(existing-it-2449577250646900,Some(HiwmxD9aQeyCMOkeRoyZKA),Map(existing-it-2449577250646900-0 -> ReplicaAssignment(replicas=0, addingReplicas=, removingReplicas=))))]
09:47:10.458 [controller-event-thread] INFO kafka.controller.KafkaController -- [Controller id=0] New partition creation callback for existing-it-2449577250646900-0
09:47:10.459 [controller-event-thread] INFO state.change.logger -- [Controller id=0 epoch=1] Changed partition existing-it-2449577250646900-0 state from NonExistentPartition to NewPartition with assigned replicas 0
09:47:10.459 [controller-event-thread] INFO state.change.logger -- [Controller id=0 epoch=1] Sending UpdateMetadata request to brokers HashSet() for 0 partitions
09:47:10.459 [controller-event-thread] INFO state.change.logger -- [Controller id=0 epoch=1] Sending UpdateMetadata request to brokers HashSet() for 0 partitions
09:47:10.471 [controller-event-thread] INFO state.change.logger -- [Controller id=0 epoch=1] Changed partition existing-it-2449577250646900-0 from NewPartition to OnlinePartition with state LeaderAndIsr(leader=0, leaderEpoch=0, isrWithBrokerEpoch=List(BrokerState(brokerId=0, brokerEpoch=-1)), leaderRecoveryState=RECOVERED, partitionEpoch=0)
09:47:10.471 [controller-event-thread] INFO state.change.logger -- [Controller id=0 epoch=1] Sending LeaderAndIsr request to broker 0 with 1 become-leader and 0 become-follower partitions
09:47:10.472 [controller-event-thread] INFO state.change.logger -- [Controller id=0 epoch=1] Sending UpdateMetadata request to brokers HashSet(0) for 1 partitions
09:47:10.473 [controller-event-thread] INFO state.change.logger -- [Controller id=0 epoch=1] Sending UpdateMetadata request to brokers HashSet() for 0 partitions
09:47:10.473 [data-plane-kafka-request-handler-5] INFO state.change.logger -- [Broker id=0] Handling LeaderAndIsr request correlationId 1 from controller 0 for 1 partitions
09:47:10.474 [data-plane-kafka-request-handler-5] INFO kafka.server.ReplicaFetcherManager -- [ReplicaFetcherManager on broker 0] Removed fetcher for partitions Set(existing-it-2449577250646900-0)
09:47:10.475 [data-plane-kafka-request-handler-5] INFO state.change.logger -- [Broker id=0] Stopped fetchers as part of LeaderAndIsr request correlationId 1 from controller 0 epoch 1 as part of the become-leader transition for 1 partitions
09:47:10.487 [data-plane-kafka-request-handler-5] INFO kafka.log.UnifiedLog$ -- [LogLoader partition=existing-it-2449577250646900-0, dir=C:\Users\labri\AppData\Local\Temp\spring.kafka.b6ffc4d9-05c0-4e7b-a4fd-671bbcabc19a7009045756194507880] Loading producer state till offset 0 with message format version 2
09:47:10.488 [data-plane-kafka-request-handler-5] INFO kafka.log.LogManager -- Created log for partition existing-it-2449577250646900-0 in C:\Users\labri\AppData\Local\Temp\spring.kafka.b6ffc4d9-05c0-4e7b-a4fd-671bbcabc19a7009045756194507880\existing-it-2449577250646900-0 with properties {}
09:47:10.488 [data-plane-kafka-request-handler-5] INFO kafka.cluster.Partition -- [Partition existing-it-2449577250646900-0 broker=0] No checkpointed highwatermark is found for partition existing-it-2449577250646900-0
09:47:10.488 [data-plane-kafka-request-handler-5] INFO kafka.cluster.Partition -- [Partition existing-it-2449577250646900-0 broker=0] Log loaded for partition existing-it-2449577250646900-0 with initial high watermark 0
09:47:10.489 [data-plane-kafka-request-handler-5] INFO state.change.logger -- [Broker id=0] Leader existing-it-2449577250646900-0 with topic id Some(HiwmxD9aQeyCMOkeRoyZKA) starts at leader epoch 0 from offset 0 with partition epoch 0, high watermark 0, ISR [0], adding replicas [] and removing replicas [] . Previous leader None and previous leader epoch was -1.
09:47:10.494 [data-plane-kafka-request-handler-5] INFO state.change.logger -- [Broker id=0] Finished LeaderAndIsr request in 21ms correlationId 1 from controller 0 for 1 partitions
09:47:10.498 [data-plane-kafka-request-handler-6] INFO state.change.logger -- [Broker id=0] Add 1 partitions and deleted 0 partitions from metadata cache in response to UpdateMetadata request sent by controller 0 epoch 1 with correlation id 2
09:47:10.502 [kafka-admin-client-thread | adminclient-3] INFO org.apache.kafka.common.utils.AppInfoParser -- App info kafka.admin.client for adminclient-3 unregistered
09:47:10.504 [kafka-admin-client-thread | adminclient-3] INFO org.apache.kafka.common.metrics.Metrics -- Metrics scheduler closed
09:47:10.504 [kafka-admin-client-thread | adminclient-3] INFO org.apache.kafka.common.metrics.Metrics -- Closing reporter org.apache.kafka.common.metrics.JmxReporter
09:47:10.504 [kafka-admin-client-thread | adminclient-3] INFO org.apache.kafka.common.metrics.Metrics -- Metrics reporters closed
09:47:10.505 [main] INFO org.apache.kafka.clients.admin.AdminClientConfig -- AdminClientConfig values: 
	auto.include.jmx.reporter = true
	bootstrap.controllers = []
	bootstrap.servers = [127.0.0.1:52183]
	client.dns.lookup = use_all_dns_ips
	client.id = 
	connections.max.idle.ms = 300000
	default.api.timeout.ms = 60000
	enable.metrics.push = true
	metadata.max.age.ms = 300000
	metadata.recovery.strategy = none
	metric.reporters = []
	metrics.num.samples = 2
	metrics.recording.level = INFO
	metrics.sample.window.ms = 30000
	receive.buffer.bytes = 65536
	reconnect.backoff.max.ms = 1000
	reconnect.backoff.ms = 50
	request.timeout.ms = 30000
	retries = 2147483647
	retry.backoff.max.ms = 1000
	retry.backoff.ms = 100
	sasl.client.callback.handler.class = null
	sasl.jaas.config = null
	sasl.kerberos.kinit.cmd = /usr/bin/kinit
	sasl.kerberos.min.time.before.relogin = 60000
	sasl.kerberos.service.name = null
	sasl.kerberos.ticket.renew.jitter = 0.05
	sasl.kerberos.ticket.renew.window.factor = 0.8
	sasl.login.callback.handler.class = null
	sasl.login.class = null
	sasl.login.connect.timeout.ms = null
	sasl.login.read.timeout.ms = null
	sasl.login.refresh.buffer.seconds = 300
	sasl.login.refresh.min.period.seconds = 60
	sasl.login.refresh.window.factor = 0.8
	sasl.login.refresh.window.jitter = 0.05
	sasl.login.retry.backoff.max.ms = 10000
	sasl.login.retry.backoff.ms = 100
	sasl.mechanism = GSSAPI
	sasl.oauthbearer.clock.skew.seconds = 30
	sasl.oauthbearer.expected.audience = null
	sasl.oauthbearer.expected.issuer = null
	sasl.oauthbearer.header.urlencode = false
	sasl.oauthbearer.jwks.endpoint.refresh.ms = 3600000
	sasl.oauthbearer.jwks.endpoint.retry.backoff.max.ms = 10000
	sasl.oauthbearer.jwks.endpoint.retry.backoff.ms = 100
	sasl.oauthbearer.jwks.endpoint.url = null
	sasl.oauthbearer.scope.claim.name = scope
	sasl.oauthbearer.sub.claim.name = sub
	sasl.oauthbearer.token.endpoint.url = null
	security.protocol = PLAINTEXT
	security.providers = null
	send.buffer.bytes = 131072
	socket.connection.setup.timeout.max.ms = 30000
	socket.connection.setup.timeout.ms = 10000
	ssl.cipher.suites = null
	ssl.enabled.protocols = [TLSv1.2, TLSv1.3]
	ssl.endpoint.identification.algorithm = https
	ssl.engine.factory.class = null
	ssl.key.password = null
	ssl.keymanager.algorithm = SunX509
	ssl.keystore.certificate.chain = null
	ssl.keystore.key = null
	ssl.keystore.location = null
	ssl.keystore.password = null
	ssl.keystore.type = JKS
	ssl.protocol = TLSv1.3
	ssl.provider = null
	ssl.secure.random.implementation = null
	ssl.trustmanager.algorithm = PKIX
	ssl.truststore.certificates = null
	ssl.truststore.location = null
	ssl.truststore.password = null
	ssl.truststore.type = JKS

09:47:10.509 [main] INFO org.apache.kafka.common.utils.AppInfoParser -- Kafka version: 3.9.2
09:47:10.509 [main] INFO org.apache.kafka.common.utils.AppInfoParser -- Kafka commitId: 5e9866f43ab8e7e4
09:47:10.509 [main] INFO org.apache.kafka.common.utils.AppInfoParser -- Kafka startTimeMs: 1784123230509
09:47:10.528 [main] INFO com.kafkaproducertest.kafka.TopicProvisioner -- Topic 'existing-it-2449577250646900' already exists; leaving partitions and configs unchanged
09:47:10.528 [kafka-admin-client-thread | adminclient-4] INFO org.apache.kafka.common.utils.AppInfoParser -- App info kafka.admin.client for adminclient-4 unregistered
09:47:10.530 [kafka-admin-client-thread | adminclient-4] INFO org.apache.kafka.common.metrics.Metrics -- Metrics scheduler closed
09:47:10.530 [kafka-admin-client-thread | adminclient-4] INFO org.apache.kafka.common.metrics.Metrics -- Closing reporter org.apache.kafka.common.metrics.JmxReporter
09:47:10.530 [kafka-admin-client-thread | adminclient-4] INFO org.apache.kafka.common.metrics.Metrics -- Metrics reporters closed
09:47:10.531 [main] INFO org.apache.kafka.clients.admin.AdminClientConfig -- AdminClientConfig values: 
	auto.include.jmx.reporter = true
	bootstrap.controllers = []
	bootstrap.servers = [127.0.0.1:52183]
	client.dns.lookup = use_all_dns_ips
	client.id = 
	connections.max.idle.ms = 300000
	default.api.timeout.ms = 60000
	enable.metrics.push = true
	metadata.max.age.ms = 300000
	metadata.recovery.strategy = none
	metric.reporters = []
	metrics.num.samples = 2
	metrics.recording.level = INFO
	metrics.sample.window.ms = 30000
	receive.buffer.bytes = 65536
	reconnect.backoff.max.ms = 1000
	reconnect.backoff.ms = 50
	request.timeout.ms = 30000
	retries = 2147483647
	retry.backoff.max.ms = 1000
	retry.backoff.ms = 100
	sasl.client.callback.handler.class = null
	sasl.jaas.config = null
	sasl.kerberos.kinit.cmd = /usr/bin/kinit
	sasl.kerberos.min.time.before.relogin = 60000
	sasl.kerberos.service.name = null
	sasl.kerberos.ticket.renew.jitter = 0.05
	sasl.kerberos.ticket.renew.window.factor = 0.8
	sasl.login.callback.handler.class = null
	sasl.login.class = null
	sasl.login.connect.timeout.ms = null
	sasl.login.read.timeout.ms = null
	sasl.login.refresh.buffer.seconds = 300
	sasl.login.refresh.min.period.seconds = 60
	sasl.login.refresh.window.factor = 0.8
	sasl.login.refresh.window.jitter = 0.05
	sasl.login.retry.backoff.max.ms = 10000
	sasl.login.retry.backoff.ms = 100
	sasl.mechanism = GSSAPI
	sasl.oauthbearer.clock.skew.seconds = 30
	sasl.oauthbearer.expected.audience = null
	sasl.oauthbearer.expected.issuer = null
	sasl.oauthbearer.header.urlencode = false
	sasl.oauthbearer.jwks.endpoint.refresh.ms = 3600000
	sasl.oauthbearer.jwks.endpoint.retry.backoff.max.ms = 10000
	sasl.oauthbearer.jwks.endpoint.retry.backoff.ms = 100
	sasl.oauthbearer.jwks.endpoint.url = null
	sasl.oauthbearer.scope.claim.name = scope
	sasl.oauthbearer.sub.claim.name = sub
	sasl.oauthbearer.token.endpoint.url = null
	security.protocol = PLAINTEXT
	security.providers = null
	send.buffer.bytes = 131072
	socket.connection.setup.timeout.max.ms = 30000
	socket.connection.setup.timeout.ms = 10000
	ssl.cipher.suites = null
	ssl.enabled.protocols = [TLSv1.2, TLSv1.3]
	ssl.endpoint.identification.algorithm = https
	ssl.engine.factory.class = null
	ssl.key.password = null
	ssl.keymanager.algorithm = SunX509
	ssl.keystore.certificate.chain = null
	ssl.keystore.key = null
	ssl.keystore.location = null
	ssl.keystore.password = null
	ssl.keystore.type = JKS
	ssl.protocol = TLSv1.3
	ssl.provider = null
	ssl.secure.random.implementation = null
	ssl.trustmanager.algorithm = PKIX
	ssl.truststore.certificates = null
	ssl.truststore.location = null
	ssl.truststore.password = null
	ssl.truststore.type = JKS

09:47:10.536 [main] INFO org.apache.kafka.common.utils.AppInfoParser -- Kafka version: 3.9.2
09:47:10.536 [main] INFO org.apache.kafka.common.utils.AppInfoParser -- Kafka commitId: 5e9866f43ab8e7e4
09:47:10.536 [main] INFO org.apache.kafka.common.utils.AppInfoParser -- Kafka startTimeMs: 1784123230536
09:47:10.565 [kafka-admin-client-thread | adminclient-5] INFO org.apache.kafka.common.utils.AppInfoParser -- App info kafka.admin.client for adminclient-5 unregistered
09:47:10.567 [kafka-admin-client-thread | adminclient-5] INFO org.apache.kafka.common.metrics.Metrics -- Metrics scheduler closed
09:47:10.568 [kafka-admin-client-thread | adminclient-5] INFO org.apache.kafka.common.metrics.Metrics -- Closing reporter org.apache.kafka.common.metrics.JmxReporter
09:47:10.568 [kafka-admin-client-thread | adminclient-5] INFO org.apache.kafka.common.metrics.Metrics -- Metrics reporters closed
]]></system-out>
  </testcase>
  <testcase name="createsMissingTopicWithConfiguredPartitionsThenProduces" classname="com.kafkaproducertest.integration.TopicProvisioningIT" time="0.212">
    <system-out><![CDATA[09:47:10.579 [main] INFO org.apache.kafka.clients.admin.AdminClientConfig -- AdminClientConfig values: 
	auto.include.jmx.reporter = true
	bootstrap.controllers = []
	bootstrap.servers = [127.0.0.1:52183]
	client.dns.lookup = use_all_dns_ips
	client.id = 
	connections.max.idle.ms = 300000
	default.api.timeout.ms = 60000
	enable.metrics.push = true
	metadata.max.age.ms = 300000
	metadata.recovery.strategy = none
	metric.reporters = []
	metrics.num.samples = 2
	metrics.recording.level = INFO
	metrics.sample.window.ms = 30000
	receive.buffer.bytes = 65536
	reconnect.backoff.max.ms = 1000
	reconnect.backoff.ms = 50
	request.timeout.ms = 30000
	retries = 2147483647
	retry.backoff.max.ms = 1000
	retry.backoff.ms = 100
	sasl.client.callback.handler.class = null
	sasl.jaas.config = null
	sasl.kerberos.kinit.cmd = /usr/bin/kinit
	sasl.kerberos.min.time.before.relogin = 60000
	sasl.kerberos.service.name = null
	sasl.kerberos.ticket.renew.jitter = 0.05
	sasl.kerberos.ticket.renew.window.factor = 0.8
	sasl.login.callback.handler.class = null
	sasl.login.class = null
	sasl.login.connect.timeout.ms = null
	sasl.login.read.timeout.ms = null
	sasl.login.refresh.buffer.seconds = 300
	sasl.login.refresh.min.period.seconds = 60
	sasl.login.refresh.window.factor = 0.8
	sasl.login.refresh.window.jitter = 0.05
	sasl.login.retry.backoff.max.ms = 10000
	sasl.login.retry.backoff.ms = 100
	sasl.mechanism = GSSAPI
	sasl.oauthbearer.clock.skew.seconds = 30
	sasl.oauthbearer.expected.audience = null
	sasl.oauthbearer.expected.issuer = null
	sasl.oauthbearer.header.urlencode = false
	sasl.oauthbearer.jwks.endpoint.refresh.ms = 3600000
	sasl.oauthbearer.jwks.endpoint.retry.backoff.max.ms = 10000
	sasl.oauthbearer.jwks.endpoint.retry.backoff.ms = 100
	sasl.oauthbearer.jwks.endpoint.url = null
	sasl.oauthbearer.scope.claim.name = scope
	sasl.oauthbearer.sub.claim.name = sub
	sasl.oauthbearer.token.endpoint.url = null
	security.protocol = PLAINTEXT
	security.providers = null
	send.buffer.bytes = 131072
	socket.connection.setup.timeout.max.ms = 30000
	socket.connection.setup.timeout.ms = 10000
	ssl.cipher.suites = null
	ssl.enabled.protocols = [TLSv1.2, TLSv1.3]
	ssl.endpoint.identification.algorithm = https
	ssl.engine.factory.class = null
	ssl.key.password = null
	ssl.keymanager.algorithm = SunX509
	ssl.keystore.certificate.chain = null
	ssl.keystore.key = null
	ssl.keystore.location = null
	ssl.keystore.password = null
	ssl.keystore.type = JKS
	ssl.protocol = TLSv1.3
	ssl.provider = null
	ssl.secure.random.implementation = null
	ssl.trustmanager.algorithm = PKIX
	ssl.truststore.certificates = null
	ssl.truststore.location = null
	ssl.truststore.password = null
	ssl.truststore.type = JKS

09:47:10.587 [main] INFO org.apache.kafka.common.utils.AppInfoParser -- Kafka version: 3.9.2
09:47:10.588 [main] INFO org.apache.kafka.common.utils.AppInfoParser -- Kafka commitId: 5e9866f43ab8e7e4
09:47:10.588 [main] INFO org.apache.kafka.common.utils.AppInfoParser -- Kafka startTimeMs: 1784123230587
09:47:10.614 [data-plane-kafka-request-handler-4] INFO kafka.zk.AdminZkClient -- Creating topic provisioned-it-2449577430507000 with configuration {} and initial partition assignment HashMap(0 -> ArrayBuffer(0), 1 -> ArrayBuffer(0))
09:47:10.635 [controller-event-thread] INFO kafka.controller.KafkaController -- [Controller id=0] New topics: [Set(provisioned-it-2449577430507000)], deleted topics: [HashSet()], new partition replica assignment [Set(TopicIdReplicaAssignment(provisioned-it-2449577430507000,Some(wfSQ9ok4RO2-38JbFYXlQA),Map(provisioned-it-2449577430507000-0 -> ReplicaAssignment(replicas=0, addingReplicas=, removingReplicas=), provisioned-it-2449577430507000-1 -> ReplicaAssignment(replicas=0, addingReplicas=, removingReplicas=))))]
09:47:10.636 [controller-event-thread] INFO kafka.controller.KafkaController -- [Controller id=0] New partition creation callback for provisioned-it-2449577430507000-0,provisioned-it-2449577430507000-1
09:47:10.636 [controller-event-thread] INFO state.change.logger -- [Controller id=0 epoch=1] Changed partition provisioned-it-2449577430507000-0 state from NonExistentPartition to NewPartition with assigned replicas 0
09:47:10.636 [controller-event-thread] INFO state.change.logger -- [Controller id=0 epoch=1] Changed partition provisioned-it-2449577430507000-1 state from NonExistentPartition to NewPartition with assigned replicas 0
09:47:10.636 [controller-event-thread] INFO state.change.logger -- [Controller id=0 epoch=1] Sending UpdateMetadata request to brokers HashSet() for 0 partitions
09:47:10.637 [controller-event-thread] INFO state.change.logger -- [Controller id=0 epoch=1] Sending UpdateMetadata request to brokers HashSet() for 0 partitions
09:47:10.647 [controller-event-thread] INFO state.change.logger -- [Controller id=0 epoch=1] Changed partition provisioned-it-2449577430507000-0 from NewPartition to OnlinePartition with state LeaderAndIsr(leader=0, leaderEpoch=0, isrWithBrokerEpoch=List(BrokerState(brokerId=0, brokerEpoch=-1)), leaderRecoveryState=RECOVERED, partitionEpoch=0)
09:47:10.648 [controller-event-thread] INFO state.change.logger -- [Controller id=0 epoch=1] Changed partition provisioned-it-2449577430507000-1 from NewPartition to OnlinePartition with state LeaderAndIsr(leader=0, leaderEpoch=0, isrWithBrokerEpoch=List(BrokerState(brokerId=0, brokerEpoch=-1)), leaderRecoveryState=RECOVERED, partitionEpoch=0)
09:47:10.648 [controller-event-thread] INFO state.change.logger -- [Controller id=0 epoch=1] Sending LeaderAndIsr request to broker 0 with 2 become-leader and 0 become-follower partitions
09:47:10.648 [controller-event-thread] INFO state.change.logger -- [Controller id=0 epoch=1] Sending UpdateMetadata request to brokers HashSet(0) for 2 partitions
09:47:10.650 [controller-event-thread] INFO state.change.logger -- [Controller id=0 epoch=1] Sending UpdateMetadata request to brokers HashSet() for 0 partitions
09:47:10.651 [data-plane-kafka-request-handler-5] INFO state.change.logger -- [Broker id=0] Handling LeaderAndIsr request correlationId 3 from controller 0 for 2 partitions
09:47:10.652 [data-plane-kafka-request-handler-5] INFO kafka.server.ReplicaFetcherManager -- [ReplicaFetcherManager on broker 0] Removed fetcher for partitions Set(provisioned-it-2449577430507000-0, provisioned-it-2449577430507000-1)
09:47:10.652 [data-plane-kafka-request-handler-5] INFO state.change.logger -- [Broker id=0] Stopped fetchers as part of LeaderAndIsr request correlationId 3 from controller 0 epoch 1 as part of the become-leader transition for 2 partitions
09:47:10.663 [data-plane-kafka-request-handler-5] INFO kafka.log.UnifiedLog$ -- [LogLoader partition=provisioned-it-2449577430507000-0, dir=C:\Users\labri\AppData\Local\Temp\spring.kafka.b6ffc4d9-05c0-4e7b-a4fd-671bbcabc19a7009045756194507880] Loading producer state till offset 0 with message format version 2
09:47:10.664 [data-plane-kafka-request-handler-5] INFO kafka.log.LogManager -- Created log for partition provisioned-it-2449577430507000-0 in C:\Users\labri\AppData\Local\Temp\spring.kafka.b6ffc4d9-05c0-4e7b-a4fd-671bbcabc19a7009045756194507880\provisioned-it-2449577430507000-0 with properties {}
09:47:10.666 [data-plane-kafka-request-handler-5] INFO kafka.cluster.Partition -- [Partition provisioned-it-2449577430507000-0 broker=0] No checkpointed highwatermark is found for partition provisioned-it-2449577430507000-0
09:47:10.667 [data-plane-kafka-request-handler-5] INFO kafka.cluster.Partition -- [Partition provisioned-it-2449577430507000-0 broker=0] Log loaded for partition provisioned-it-2449577430507000-0 with initial high watermark 0
09:47:10.667 [data-plane-kafka-request-handler-5] INFO state.change.logger -- [Broker id=0] Leader provisioned-it-2449577430507000-0 with topic id Some(wfSQ9ok4RO2-38JbFYXlQA) starts at leader epoch 0 from offset 0 with partition epoch 0, high watermark 0, ISR [0], adding replicas [] and removing replicas [] . Previous leader None and previous leader epoch was -1.
09:47:10.686 [data-plane-kafka-request-handler-5] INFO kafka.log.UnifiedLog$ -- [LogLoader partition=provisioned-it-2449577430507000-1, dir=C:\Users\labri\AppData\Local\Temp\spring.kafka.b6ffc4d9-05c0-4e7b-a4fd-671bbcabc19a7009045756194507880] Loading producer state till offset 0 with message format version 2
09:47:10.687 [data-plane-kafka-request-handler-5] INFO kafka.log.LogManager -- Created log for partition provisioned-it-2449577430507000-1 in C:\Users\labri\AppData\Local\Temp\spring.kafka.b6ffc4d9-05c0-4e7b-a4fd-671bbcabc19a7009045756194507880\provisioned-it-2449577430507000-1 with properties {}
09:47:10.687 [data-plane-kafka-request-handler-5] INFO kafka.cluster.Partition -- [Partition provisioned-it-2449577430507000-1 broker=0] No checkpointed highwatermark is found for partition provisioned-it-2449577430507000-1
09:47:10.687 [data-plane-kafka-request-handler-5] INFO kafka.cluster.Partition -- [Partition provisioned-it-2449577430507000-1 broker=0] Log loaded for partition provisioned-it-2449577430507000-1 with initial high watermark 0
09:47:10.687 [data-plane-kafka-request-handler-5] INFO state.change.logger -- [Broker id=0] Leader provisioned-it-2449577430507000-1 with topic id Some(wfSQ9ok4RO2-38JbFYXlQA) starts at leader epoch 0 from offset 0 with partition epoch 0, high watermark 0, ISR [0], adding replicas [] and removing replicas [] . Previous leader None and previous leader epoch was -1.
09:47:10.694 [data-plane-kafka-request-handler-5] INFO state.change.logger -- [Broker id=0] Finished LeaderAndIsr request in 43ms correlationId 3 from controller 0 for 2 partitions
09:47:10.697 [data-plane-kafka-request-handler-6] INFO state.change.logger -- [Broker id=0] Add 2 partitions and deleted 0 partitions from metadata cache in response to UpdateMetadata request sent by controller 0 epoch 1 with correlation id 4
09:47:10.700 [main] INFO com.kafkaproducertest.kafka.TopicProvisioner -- Created topic 'provisioned-it-2449577430507000' with partitions=2 replication-factor=1
09:47:10.701 [kafka-admin-client-thread | adminclient-6] INFO org.apache.kafka.common.utils.AppInfoParser -- App info kafka.admin.client for adminclient-6 unregistered
09:47:10.703 [kafka-admin-client-thread | adminclient-6] INFO org.apache.kafka.common.metrics.Metrics -- Metrics scheduler closed
09:47:10.703 [kafka-admin-client-thread | adminclient-6] INFO org.apache.kafka.common.metrics.Metrics -- Closing reporter org.apache.kafka.common.metrics.JmxReporter
09:47:10.703 [kafka-admin-client-thread | adminclient-6] INFO org.apache.kafka.common.metrics.Metrics -- Metrics reporters closed
09:47:10.704 [main] INFO org.apache.kafka.clients.producer.ProducerConfig -- ProducerConfig values: 
	acks = 1
	auto.include.jmx.reporter = true
	batch.size = 16384
	bootstrap.servers = [127.0.0.1:52183]
	buffer.memory = 33554432
	client.dns.lookup = use_all_dns_ips
	client.id = producer-2
	compression.gzip.level = -1
	compression.lz4.level = 9
	compression.type = none
	compression.zstd.level = 3
	connections.max.idle.ms = 540000
	delivery.timeout.ms = 120000
	enable.idempotence = false
	enable.metrics.push = true
	interceptor.classes = []
	key.serializer = class org.apache.kafka.common.serialization.ByteArraySerializer
	linger.ms = 0
	max.block.ms = 60000
	max.in.flight.requests.per.connection = 5
	max.request.size = 1048576
	metadata.max.age.ms = 300000
	metadata.max.idle.ms = 300000
	metadata.recovery.strategy = none
	metric.reporters = []
	metrics.num.samples = 2
	metrics.recording.level = INFO
	metrics.sample.window.ms = 30000
	partitioner.adaptive.partitioning.enable = true
	partitioner.availability.timeout.ms = 0
	partitioner.class = null
	partitioner.ignore.keys = false
	receive.buffer.bytes = 32768
	reconnect.backoff.max.ms = 1000
	reconnect.backoff.ms = 50
	request.timeout.ms = 30000
	retries = 0
	retry.backoff.max.ms = 1000
	retry.backoff.ms = 100
	sasl.client.callback.handler.class = null
	sasl.jaas.config = null
	sasl.kerberos.kinit.cmd = /usr/bin/kinit
	sasl.kerberos.min.time.before.relogin = 60000
	sasl.kerberos.service.name = null
	sasl.kerberos.ticket.renew.jitter = 0.05
	sasl.kerberos.ticket.renew.window.factor = 0.8
	sasl.login.callback.handler.class = null
	sasl.login.class = null
	sasl.login.connect.timeout.ms = null
	sasl.login.read.timeout.ms = null
	sasl.login.refresh.buffer.seconds = 300
	sasl.login.refresh.min.period.seconds = 60
	sasl.login.refresh.window.factor = 0.8
	sasl.login.refresh.window.jitter = 0.05
	sasl.login.retry.backoff.max.ms = 10000
	sasl.login.retry.backoff.ms = 100
	sasl.mechanism = GSSAPI
	sasl.oauthbearer.clock.skew.seconds = 30
	sasl.oauthbearer.expected.audience = null
	sasl.oauthbearer.expected.issuer = null
	sasl.oauthbearer.header.urlencode = false
	sasl.oauthbearer.jwks.endpoint.refresh.ms = 3600000
	sasl.oauthbearer.jwks.endpoint.retry.backoff.max.ms = 10000
	sasl.oauthbearer.jwks.endpoint.retry.backoff.ms = 100
	sasl.oauthbearer.jwks.endpoint.url = null
	sasl.oauthbearer.scope.claim.name = scope
	sasl.oauthbearer.sub.claim.name = sub
	sasl.oauthbearer.token.endpoint.url = null
	security.protocol = PLAINTEXT
	security.providers = null
	send.buffer.bytes = 131072
	socket.connection.setup.timeout.max.ms = 30000
	socket.connection.setup.timeout.ms = 10000
	ssl.cipher.suites = null
	ssl.enabled.protocols = [TLSv1.2, TLSv1.3]
	ssl.endpoint.identification.algorithm = https
	ssl.engine.factory.class = null
	ssl.key.password = null
	ssl.keymanager.algorithm = SunX509
	ssl.keystore.certificate.chain = null
	ssl.keystore.key = null
	ssl.keystore.location = null
	ssl.keystore.password = null
	ssl.keystore.type = JKS
	ssl.protocol = TLSv1.3
	ssl.provider = null
	ssl.secure.random.implementation = null
	ssl.trustmanager.algorithm = PKIX
	ssl.truststore.certificates = null
	ssl.truststore.location = null
	ssl.truststore.password = null
	ssl.truststore.type = JKS
	transaction.timeout.ms = 60000
	transactional.id = null
	value.serializer = class org.apache.kafka.common.serialization.ByteArraySerializer

09:47:10.705 [main] INFO org.apache.kafka.common.telemetry.internals.KafkaMetricsCollector -- initializing Kafka metrics collector
09:47:10.713 [main] INFO org.apache.kafka.common.utils.AppInfoParser -- Kafka version: 3.9.2
09:47:10.713 [main] INFO org.apache.kafka.common.utils.AppInfoParser -- Kafka commitId: 5e9866f43ab8e7e4
09:47:10.713 [main] INFO org.apache.kafka.common.utils.AppInfoParser -- Kafka startTimeMs: 1784123230713
09:47:10.722 [kafka-producer-network-thread | producer-2] INFO org.apache.kafka.clients.Metadata -- [Producer clientId=producer-2] Cluster ID: hpouSoq8TRaCfEtZ_nKODg
09:47:10.741 [main] INFO org.apache.kafka.clients.producer.KafkaProducer -- [Producer clientId=producer-2] Closing the Kafka producer with timeoutMillis = 9223372036854775807 ms.
09:47:10.748 [main] INFO org.apache.kafka.common.metrics.Metrics -- Metrics scheduler closed
09:47:10.748 [main] INFO org.apache.kafka.common.metrics.Metrics -- Closing reporter org.apache.kafka.common.metrics.JmxReporter
09:47:10.748 [main] INFO org.apache.kafka.common.metrics.Metrics -- Closing reporter org.apache.kafka.common.telemetry.internals.ClientTelemetryReporter
09:47:10.748 [main] INFO org.apache.kafka.common.metrics.Metrics -- Metrics reporters closed
09:47:10.748 [main] INFO org.apache.kafka.common.utils.AppInfoParser -- App info kafka.producer for producer-2 unregistered
09:47:10.749 [main] INFO org.apache.kafka.clients.admin.AdminClientConfig -- AdminClientConfig values: 
	auto.include.jmx.reporter = true
	bootstrap.controllers = []
	bootstrap.servers = [127.0.0.1:52183]
	client.dns.lookup = use_all_dns_ips
	client.id = 
	connections.max.idle.ms = 300000
	default.api.timeout.ms = 60000
	enable.metrics.push = true
	metadata.max.age.ms = 300000
	metadata.recovery.strategy = none
	metric.reporters = []
	metrics.num.samples = 2
	metrics.recording.level = INFO
	metrics.sample.window.ms = 30000
	receive.buffer.bytes = 65536
	reconnect.backoff.max.ms = 1000
	reconnect.backoff.ms = 50
	request.timeout.ms = 30000
	retries = 2147483647
	retry.backoff.max.ms = 1000
	retry.backoff.ms = 100
	sasl.client.callback.handler.class = null
	sasl.jaas.config = null
	sasl.kerberos.kinit.cmd = /usr/bin/kinit
	sasl.kerberos.min.time.before.relogin = 60000
	sasl.kerberos.service.name = null
	sasl.kerberos.ticket.renew.jitter = 0.05
	sasl.kerberos.ticket.renew.window.factor = 0.8
	sasl.login.callback.handler.class = null
	sasl.login.class = null
	sasl.login.connect.timeout.ms = null
	sasl.login.read.timeout.ms = null
	sasl.login.refresh.buffer.seconds = 300
	sasl.login.refresh.min.period.seconds = 60
	sasl.login.refresh.window.factor = 0.8
	sasl.login.refresh.window.jitter = 0.05
	sasl.login.retry.backoff.max.ms = 10000
	sasl.login.retry.backoff.ms = 100
	sasl.mechanism = GSSAPI
	sasl.oauthbearer.clock.skew.seconds = 30
	sasl.oauthbearer.expected.audience = null
	sasl.oauthbearer.expected.issuer = null
	sasl.oauthbearer.header.urlencode = false
	sasl.oauthbearer.jwks.endpoint.refresh.ms = 3600000
	sasl.oauthbearer.jwks.endpoint.retry.backoff.max.ms = 10000
	sasl.oauthbearer.jwks.endpoint.retry.backoff.ms = 100
	sasl.oauthbearer.jwks.endpoint.url = null
	sasl.oauthbearer.scope.claim.name = scope
	sasl.oauthbearer.sub.claim.name = sub
	sasl.oauthbearer.token.endpoint.url = null
	security.protocol = PLAINTEXT
	security.providers = null
	send.buffer.bytes = 131072
	socket.connection.setup.timeout.max.ms = 30000
	socket.connection.setup.timeout.ms = 10000
	ssl.cipher.suites = null
	ssl.enabled.protocols = [TLSv1.2, TLSv1.3]
	ssl.endpoint.identification.algorithm = https
	ssl.engine.factory.class = null
	ssl.key.password = null
	ssl.keymanager.algorithm = SunX509
	ssl.keystore.certificate.chain = null
	ssl.keystore.key = null
	ssl.keystore.location = null
	ssl.keystore.password = null
	ssl.keystore.type = JKS
	ssl.protocol = TLSv1.3
	ssl.provider = null
	ssl.secure.random.implementation = null
	ssl.trustmanager.algorithm = PKIX
	ssl.truststore.certificates = null
	ssl.truststore.location = null
	ssl.truststore.password = null
	ssl.truststore.type = JKS

09:47:10.749 [SessionTracker] INFO org.apache.zookeeper.server.SessionTrackerImpl -- SessionTrackerImpl exited loop!
09:47:10.755 [main] INFO org.apache.kafka.common.utils.AppInfoParser -- Kafka version: 3.9.2
09:47:10.755 [main] INFO org.apache.kafka.common.utils.AppInfoParser -- Kafka commitId: 5e9866f43ab8e7e4
09:47:10.755 [main] INFO org.apache.kafka.common.utils.AppInfoParser -- Kafka startTimeMs: 1784123230755
09:47:10.777 [kafka-admin-client-thread | adminclient-7] INFO org.apache.kafka.common.utils.AppInfoParser -- App info kafka.admin.client for adminclient-7 unregistered
09:47:10.779 [kafka-admin-client-thread | adminclient-7] INFO org.apache.kafka.common.metrics.Metrics -- Metrics scheduler closed
09:47:10.780 [kafka-admin-client-thread | adminclient-7] INFO org.apache.kafka.common.metrics.Metrics -- Closing reporter org.apache.kafka.common.metrics.JmxReporter
09:47:10.780 [kafka-admin-client-thread | adminclient-7] INFO org.apache.kafka.common.metrics.Metrics -- Metrics reporters closed
]]></system-out>
  </testcase>
</testsuite>